# JRE version: OpenJDK Runtime Environment (8.0_202-b03) (build 1.8.0_202-release-1483-b03)
# Java VM: OpenJDK 64-Bit Server VM (25.202-b03 mixed mode windows-amd64 compressed oops)
Heap:
 PSYoungGen      total 242176K, used 241793K [0x00000000e0000000, 0x00000000f1d80000, 0x0000000100000000)
  eden space 217600K, 100% used [0x00000000e0000000,0x00000000ed480000,0x00000000ed480000)
  from space 24576K, 98% used [0x00000000ed980000,0x00000000ef1207f8,0x00000000ef180000)
  to   space 37376K, 0% used [0x00000000ef900000,0x00000000ef900000,0x00000000f1d80000)
 ParOldGen       total 271360K, used 44359K [0x00000000a0000000, 0x00000000b0900000, 0x00000000e0000000)
  object space 271360K, 16% used [0x00000000a0000000,0x00000000a2b51f70,0x00000000b0900000)
 Metaspace       used 90968K, capacity 96278K, committed 96640K, reserved 1132544K
  class space    used 11874K, capacity 12814K, committed 12928K, reserved 1048576K
GC Heap History (10 events):
Event: 91.516 GC heap before
{Heap before GC invocations=14 (full 3):
 PSYoungGen      total 229888K, used 229025K [0x00000000e0000000, 0x00000000f0180000, 0x0000000100000000)
  eden space 208384K, 100% used [0x00000000e0000000,0x00000000ecb80000,0x00000000ecb80000)
  from space 21504K, 95% used [0x00000000ee300000,0x00000000ef7285d0,0x00000000ef800000)
  to   space 24064K, 0% used [0x00000000ecb80000,0x00000000ecb80000,0x00000000ee300000)
 ParOldGen       total 271360K, used 34304K [0x00000000a0000000, 0x00000000b0900000, 0x00000000e0000000)
  object space 271360K, 12% used [0x00000000a0000000,0x00000000a2180058,0x00000000b0900000)
 Metaspace       used 70595K, capacity 73610K, committed 73728K, reserved 1114112K
  class space    used 9349K, capacity 9964K, committed 9984K, reserved 1048576K
Event: 91.540 GC heap after
Heap after GC invocations=14 (full 3):
 PSYoungGen      total 232448K, used 24034K [0x00000000e0000000, 0x00000000f2280000, 0x0000000100000000)
  eden space 208384K, 0% used [0x00000000e0000000,0x00000000e0000000,0x00000000ecb80000)
  from space 24064K, 99% used [0x00000000ecb80000,0x00000000ee2f8b00,0x00000000ee300000)
  to   space 29184K, 0% used [0x00000000f0600000,0x00000000f0600000,0x00000000f2280000)
 ParOldGen       total 271360K, used 41109K [0x00000000a0000000, 0x00000000b0900000, 0x00000000e0000000)
  object space 271360K, 15% used [0x00000000a0000000,0x00000000a28255f0,0x00000000b0900000)
 Metaspace       used 70595K, capacity 73610K, committed 73728K, reserved 1114112K
  class space    used 9349K, capacity 9964K, committed 9984K, reserved 1048576K
}
Event: 93.526 GC heap before
{Heap before GC invocations=15 (full 3):
 PSYoungGen      total 232448K, used 232418K [0x00000000e0000000, 0x00000000f2280000, 0x0000000100000000)
  eden space 208384K, 100% used [0x00000000e0000000,0x00000000ecb80000,0x00000000ecb80000)
  from space 24064K, 99% used [0x00000000ecb80000,0x00000000ee2f8b00,0x00000000ee300000)
  to   space 29184K, 0% used [0x00000000f0600000,0x00000000f0600000,0x00000000f2280000)
 ParOldGen       total 271360K, used 41109K [0x00000000a0000000, 0x00000000b0900000, 0x00000000e0000000)
  object space 271360K, 15% used [0x00000000a0000000,0x00000000a28255f0,0x00000000b0900000)
 Metaspace       used 82854K, capacity 86582K, committed 86784K, reserved 1124352K
  class space    used 10960K, capacity 11718K, committed 11776K, reserved 1048576K
Event: 93.549 GC heap after
Heap after GC invocations=15 (full 3):
 PSYoungGen      total 263168K, used 29174K [0x00000000e0000000, 0x00000000f2d00000, 0x0000000100000000)
  eden space 233984K, 0% used [0x00000000e0000000,0x00000000e0000000,0x00000000ee480000)
  from space 29184K, 99% used [0x00000000f0600000,0x00000000f227d900,0x00000000f2280000)
  to   space 34304K, 0% used [0x00000000ee480000,0x00000000ee480000,0x00000000f0600000)
 ParOldGen       total 271360K, used 44335K [0x00000000a0000000, 0x00000000b0900000, 0x00000000e0000000)
  object space 271360K, 16% used [0x00000000a0000000,0x00000000a2b4bf70,0x00000000b0900000)
 Metaspace       used 82854K, capacity 86582K, committed 86784K, reserved 1124352K
  class space    used 10960K, capacity 11718K, committed 11776K, reserved 1048576K
}
Event: 388.288 GC heap before
{Heap before GC invocations=16 (full 3):
 PSYoungGen      total 263168K, used 263158K [0x00000000e0000000, 0x00000000f2d00000, 0x0000000100000000)
  eden space 233984K, 100% used [0x00000000e0000000,0x00000000ee480000,0x00000000ee480000)
  from space 29184K, 99% used [0x00000000f0600000,0x00000000f227d900,0x00000000f2280000)
  to   space 34304K, 0% used [0x00000000ee480000,0x00000000ee480000,0x00000000f0600000)
 ParOldGen       total 271360K, used 44335K [0x00000000a0000000, 0x00000000b0900000, 0x00000000e0000000)
  object space 271360K, 16% used [0x00000000a0000000,0x00000000a2b4bf70,0x00000000b0900000)
 Metaspace       used 88072K, capacity 92954K, committed 93056K, reserved 1130496K
  class space    used 11706K, capacity 12596K, committed 12672K, reserved 1048576K
Event: 388.303 GC heap after
Heap after GC invocations=16 (full 3):
 PSYoungGen      total 254976K, used 26537K [0x00000000e0000000, 0x00000000f2600000, 0x0000000100000000)
  eden space 228352K, 0% used [0x00000000e0000000,0x00000000e0000000,0x00000000edf00000)
  from space 26624K, 99% used [0x00000000ee480000,0x00000000efe6a7d0,0x00000000efe80000)
  to   space 36352K, 0% used [0x00000000f0280000,0x00000000f0280000,0x00000000f2600000)
 ParOldGen       total 271360K, used 44343K [0x00000000a0000000, 0x00000000b0900000, 0x00000000e0000000)
  object space 271360K, 16% used [0x00000000a0000000,0x00000000a2b4df70,0x00000000b0900000)
 Metaspace       used 88072K, capacity 92954K, committed 93056K, reserved 1130496K
  class space    used 11706K, capacity 12596K, committed 12672K, reserved 1048576K
}
Event: 397.819 GC heap before
{Heap before GC invocations=17 (full 3):
 PSYoungGen      total 254976K, used 254889K [0x00000000e0000000, 0x00000000f2600000, 0x0000000100000000)
  eden space 228352K, 100% used [0x00000000e0000000,0x00000000edf00000,0x00000000edf00000)
  from space 26624K, 99% used [0x00000000ee480000,0x00000000efe6a7d0,0x00000000efe80000)
  to   space 36352K, 0% used [0x00000000f0280000,0x00000000f0280000,0x00000000f2600000)
 ParOldGen       total 271360K, used 44343K [0x00000000a0000000, 0x00000000b0900000, 0x00000000e0000000)
  object space 271360K, 16% used [0x00000000a0000000,0x00000000a2b4df70,0x00000000b0900000)
 Metaspace       used 89771K, capacity 94714K, committed 94976K, reserved 1132544K
  class space    used 11823K, capacity 12692K, committed 12800K, reserved 1048576K
Event: 397.834 GC heap after
Heap after GC invocations=17 (full 3):
 PSYoungGen      total 255488K, used 25179K [0x00000000e0000000, 0x00000000f2280000, 0x0000000100000000)
  eden space 222720K, 0% used [0x00000000e0000000,0x00000000e0000000,0x00000000ed980000)
  from space 32768K, 76% used [0x00000000f0280000,0x00000000f1b16ce8,0x00000000f2280000)
  to   space 37376K, 0% used [0x00000000ed980000,0x00000000ed980000,0x00000000efe00000)
 ParOldGen       total 271360K, used 44351K [0x00000000a0000000, 0x00000000b0900000, 0x00000000e0000000)
  object space 271360K, 16% used [0x00000000a0000000,0x00000000a2b4ff70,0x00000000b0900000)
 Metaspace       used 89771K, capacity 94714K, committed 94976K, reserved 1132544K
  class space    used 11823K, capacity 12692K, committed 12800K, reserved 1048576K
}
Event: 461.552 GC heap before
{Heap before GC invocations=18 (full 3):
 PSYoungGen      total 255488K, used 247899K [0x00000000e0000000, 0x00000000f2280000, 0x0000000100000000)
  eden space 222720K, 100% used [0x00000000e0000000,0x00000000ed980000,0x00000000ed980000)
  from space 32768K, 76% used [0x00000000f0280000,0x00000000f1b16ce8,0x00000000f2280000)
  to   space 37376K, 0% used [0x00000000ed980000,0x00000000ed980000,0x00000000efe00000)
 ParOldGen       total 271360K, used 44351K [0x00000000a0000000, 0x00000000b0900000, 0x00000000e0000000)
  object space 271360K, 16% used [0x00000000a0000000,0x00000000a2b4ff70,0x00000000b0900000)
 Metaspace       used 90390K, capacity 95674K, committed 95744K, reserved 1132544K
  class space    used 11861K, capacity 12790K, committed 12800K, reserved 1048576K
Event: 461.565 GC heap after
Heap after GC invocations=18 (full 3):
 PSYoungGen      total 242176K, used 24193K [0x00000000e0000000, 0x00000000f1d80000, 0x0000000100000000)
  eden space 217600K, 0% used [0x00000000e0000000,0x00000000e0000000,0x00000000ed480000)
  from space 24576K, 98% used [0x00000000ed980000,0x00000000ef1207f8,0x00000000ef180000)
  to   space 37376K, 0% used [0x00000000ef900000,0x00000000ef900000,0x00000000f1d80000)
 ParOldGen       total 271360K, used 44359K [0x00000000a0000000, 0x00000000b0900000, 0x00000000e0000000)
  object space 271360K, 16% used [0x00000000a0000000,0x00000000a2b51f70,0x00000000b0900000)
 Metaspace       used 90390K, capacity 95674K, committed 95744K, reserved 1132544K
  class space    used 11861K, capacity 12790K, committed 12800K, reserved 1048576K
}

